<?xml version="1.0" encoding="UTF-8"?>
<!-- Generated by org.testng.reporters.JUnitReportReporter -->
<testsuite hostname="Mahmood" name="sb.SquareTest" tests="1" failures="0" timestamp="7 Nov 2016 22:00:57 GMT" time="0.013" errors="0">
  <testcase name="test1" time="0.013" classname="sb.SquareTest"/>
</testsuite> <!-- sb.SquareTest -->
