<?xml version="1.0" encoding="UTF-8"?>
<!-- Generated by org.testng.reporters.JUnitReportReporter -->
<testsuite hostname="Mahmood" name="sb.SquareTestInstrumented" tests="1" failures="0" timestamp="10 Dec 2016 22:39:36 GMT" time="0.014" errors="0">
  <testcase name="test1" time="0.014" classname="sb.SquareTestInstrumented"/>
</testsuite> <!-- sb.SquareTestInstrumented -->
