<?xml version="1.0" encoding="UTF-8"?>
<!-- Generated by org.testng.reporters.JUnitReportReporter -->
<testsuite hostname="e6320sb" name="sb.TestInstrumented" tests="1" failures="0" timestamp="3 Jul 2016 20:45:27 GMT" time="0.016" errors="0">
  <testcase name="test1" time="0.016" classname="sb.TestInstrumented"/>
</testsuite> <!-- sb.TestInstrumented -->
