<?xml version="1.0" encoding="UTF-8"?>
<!-- Generated by org.testng.reporters.JUnitReportReporter -->
<testsuite hostname="Mahmood" name="geometric.QuadrilateralsTest" tests="4" failures="0" timestamp="30 Oct 2016 16:29:28 GMT" time="0.047" errors="0">
  <testcase name="testQuad4" time="0.000" classname="geometric.QuadrilateralsTest"/>
  <testcase name="testQuad1" time="0.031" classname="geometric.QuadrilateralsTest"/>
  <testcase name="testQuad3" time="0.000" classname="geometric.QuadrilateralsTest"/>
  <testcase name="testQuad2" time="0.016" classname="geometric.QuadrilateralsTest"/>
</testsuite> <!-- geometric.QuadrilateralsTest -->
