<?xml version="1.0" encoding="UTF-8"?>
<!-- Generated by org.testng.reporters.JUnitReportReporter -->
<testsuite hostname="Mahmood" name="geometric.CircleTest" tests="3" failures="0" timestamp="29 Oct 2016 23:57:46 GMT" time="0.031" errors="0">
  <testcase name="testCircle1" time="0.023" classname="geometric.CircleTest"/>
  <testcase name="testCircle2" time="0.005" classname="geometric.CircleTest"/>
  <testcase name="testCircle3" time="0.003" classname="geometric.CircleTest"/>
</testsuite> <!-- geometric.CircleTest -->
