<?xml version="1.0" encoding="UTF-8"?>
<!-- Generated by org.testng.reporters.JUnitReportReporter -->
<testsuite hostname="Mahmood" name="geometric.PentagonTest" tests="3" failures="0" timestamp="30 Oct 2016 05:49:51 GMT" time="0.031" errors="0">
  <testcase name="testPentagon1" time="0.016" classname="geometric.PentagonTest"/>
  <testcase name="testPentagon2" time="0.015" classname="geometric.PentagonTest"/>
  <testcase name="testPentagon3" time="0.000" classname="geometric.PentagonTest"/>
</testsuite> <!-- geometric.PentagonTest -->
