<?xml version="1.0" encoding="UTF-8"?>
<!-- Generated by org.testng.reporters.JUnitReportReporter -->
<testsuite hostname="Mahmood" name="geometric.TriangleTest" tests="5" failures="0" timestamp="31 Oct 2016 02:24:19 GMT" time="0.174" errors="0">
  <testcase name="testTriangle1" time="0.010" classname="geometric.TriangleTest"/>
  <testcase name="testTriangle5" time="0.156" classname="geometric.TriangleTest"/>
  <testcase name="testTriangle2" time="0.002" classname="geometric.TriangleTest"/>
  <testcase name="testTriangle4" time="0.002" classname="geometric.TriangleTest"/>
  <testcase name="testTriangle3" time="0.004" classname="geometric.TriangleTest"/>
</testsuite> <!-- geometric.TriangleTest -->
