<?xml version="1.0" encoding="UTF-8"?>
<!-- Generated by org.testng.reporters.JUnitReportReporter -->
<testsuite hostname="Mahmood" name="geometric.ShapesTest" tests="18" failures="0" timestamp="5 Nov 2016 13:49:06 GMT" time="0.078" errors="0">
  <testcase name="testPentagon2" time="0.002" classname="geometric.ShapesTest"/>
  <testcase name="testQuad4" time="0.001" classname="geometric.ShapesTest"/>
  <testcase name="testPentagon1" time="0.003" classname="geometric.ShapesTest"/>
  <testcase name="testPentagon3" time="0.002" classname="geometric.ShapesTest"/>
  <testcase name="testTriangle4" time="0.002" classname="geometric.ShapesTest"/>
  <testcase name="testCircle3" time="0.020" classname="geometric.ShapesTest"/>
  <testcase name="testTriangle5" time="0.002" classname="geometric.ShapesTest"/>
  <testcase name="testNumber1" time="0.003" classname="geometric.ShapesTest"/>
  <testcase name="testQuad1" time="0.002" classname="geometric.ShapesTest"/>
  <testcase name="testCircle2" time="0.003" classname="geometric.ShapesTest"/>
  <testcase name="testNumber2" time="0.002" classname="geometric.ShapesTest"/>
  <testcase name="testTriangle1" time="0.004" classname="geometric.ShapesTest"/>
  <testcase name="testQuad2" time="0.003" classname="geometric.ShapesTest"/>
  <testcase name="testTriangle3" time="0.002" classname="geometric.ShapesTest"/>
  <testcase name="testNumber3" time="0.007" classname="geometric.ShapesTest"/>
  <testcase name="testTriangle2" time="0.003" classname="geometric.ShapesTest"/>
  <testcase name="testCircle1" time="0.010" classname="geometric.ShapesTest"/>
  <testcase name="testQuad3" time="0.007" classname="geometric.ShapesTest"/>
</testsuite> <!-- geometric.ShapesTest -->
