<?xml version="1.0" encoding="UTF-8"?>
<!-- Generated by org.testng.reporters.JUnitReportReporter -->
<testsuite hostname="Mahmood" name="converter.NumberTest" tests="3" failures="0" timestamp="5 Nov 2016 01:13:19 GMT" time="0.060" errors="0">
  <testcase name="testCircle3" time="0.025" classname="converter.NumberTest"/>
  <testcase name="testCircle1" time="0.029" classname="converter.NumberTest"/>
  <testcase name="testCircle2" time="0.006" classname="converter.NumberTest"/>
</testsuite> <!-- converter.NumberTest -->
